null 
 Verificando Email's...  29/09/2014 11:14:17 
 Email Encontrado...  29/09/2014 11:14:34 
 Anexo Encontrado...  29/09/2014 11:14:35 
 Download da nota 41140903514129000106550040001408701082012502.xml realizado com sucesso. 29/09/2014 11:14:35 
 Realizando Parse do Xml...  29/09/2014 11:14:35 
 Verificando Email's...  29/09/2014 11:17:01 
 Email Encontrado...  29/09/2014 11:17:09 
 Anexo Encontrado...  29/09/2014 11:17:09 
 Download da nota 41140903514129000106550040001408701082012502.xml realizado com sucesso. 29/09/2014 11:17:09 
 Realizando Parse do Xml...  29/09/2014 11:17:09 
 Verificando Email's...  29/09/2014 11:18:03 
 Email Encontrado...  29/09/2014 11:18:10 
 Anexo Encontrado...  29/09/2014 11:18:11 
 Download da nota 41140903514129000106550040001408701082012502.xml realizado com sucesso. 29/09/2014 11:18:11 
 Realizando Parse do Xml...  29/09/2014 11:18:11 
 Verificando Email's...  29/09/2014 11:22:29 
 Email Encontrado...  29/09/2014 11:22:36 
 Anexo Encontrado...  29/09/2014 11:22:37 
 Download da nota 41140903514129000106550040001408701082012502.xml realizado com sucesso. 29/09/2014 11:22:37 
 Realizando Parse do Xml...  29/09/2014 11:22:37 
 Verificando Email's...  29/09/2014 11:23:30 
 Email Encontrado...  29/09/2014 11:23:37 
 Anexo Encontrado...  29/09/2014 11:23:38 
 Download da nota 41140903514129000106550040001408701082012502.xml realizado com sucesso. 29/09/2014 11:23:38 
 Realizando Parse do Xml...  29/09/2014 11:23:38 
 Verificando Email's...  29/09/2014 11:26:44 
 Email Encontrado...  29/09/2014 11:26:51 
 Anexo Encontrado...  29/09/2014 11:26:52 
 Download da nota 41140903514129000106550040001408701082012502.xml realizado com sucesso. 29/09/2014 11:26:52 
 Realizando Parse do Xml...  29/09/2014 11:26:52 
 4 counts of IllegalAnnotationExceptions 29/09/2014 11:26:52 
 Verificando Email's...  29/09/2014 11:28:31 
 Email Encontrado...  29/09/2014 11:29:01 
 Anexo Encontrado...  29/09/2014 11:29:02 
 Download da nota 41140903514129000106550040001408701082012502.xml realizado com sucesso. 29/09/2014 11:29:02 
 Realizando Parse do Xml...  29/09/2014 11:29:02 
 4 counts of IllegalAnnotationExceptions 29/09/2014 11:29:02 
 Email Encontrado...  29/09/2014 11:30:36 
 Anexo Encontrado...  29/09/2014 11:30:36 
 Download da nota 41140903514129000106550040001408701082012502.xml realizado com sucesso. 29/09/2014 11:30:36 
 Realizando Parse do Xml...  29/09/2014 11:30:36 
 4 counts of IllegalAnnotationExceptions 29/09/2014 11:30:36 
 Verificando Email's...  29/09/2014 11:30:50 
 Verificando Email's...  29/09/2014 11:31:26 
 Verificando Email's...  29/09/2014 11:32:19 
 Verificando Email's...  29/09/2014 11:33:31 
 Email Encontrado...  29/09/2014 11:34:06 
 Anexo Encontrado...  29/09/2014 11:34:07 
 Download da nota 41140903514129000106550040001408701082012502.xml realizado com sucesso. 29/09/2014 11:34:07 
 Realizando Parse do Xml...  29/09/2014 11:34:07 
 4 counts of IllegalAnnotationExceptions 29/09/2014 11:34:07 
 Verificando Email's...  29/09/2014 11:35:53 
 Email Encontrado...  29/09/2014 11:36:25 
 Anexo Encontrado...  29/09/2014 11:36:26 
 Download da nota 41140903514129000106550040001408701082012502.xml realizado com sucesso. 29/09/2014 11:36:26 
 Realizando Parse do Xml...  29/09/2014 11:36:26 
 Verificando Email's...  29/09/2014 11:46:02 
 Email Encontrado...  29/09/2014 11:46:10 
 Anexo Encontrado...  29/09/2014 11:46:11 
 Download da nota 41140903514129000106550040001408701082012502.xml realizado com sucesso. 29/09/2014 11:46:11 
 Realizando Parse do Xml...  29/09/2014 11:46:11 
 Verificando Email's...  29/09/2014 11:47:06 
 Email Encontrado...  29/09/2014 11:47:14 
 Anexo Encontrado...  29/09/2014 11:47:15 
 Download da nota 41140903514129000106550040001408701082012502.xml realizado com sucesso. 29/09/2014 11:47:15 
 Realizando Parse do Xml...  29/09/2014 11:47:15 
 4 counts of IllegalAnnotationExceptions 29/09/2014 11:47:15 
 Verificando Email's...  29/09/2014 11:48:28 
 Email Encontrado...  29/09/2014 11:49:03 
 Anexo Encontrado...  29/09/2014 11:49:04 
 Download da nota 41140903514129000106550040001408701082012502.xml realizado com sucesso. 29/09/2014 11:49:04 
 Realizando Parse do Xml...  29/09/2014 11:49:04 
 4 counts of IllegalAnnotationExceptions 29/09/2014 11:49:04 
 Verificando Email's...  29/09/2014 11:49:28 
 Verificando Email's...  29/09/2014 11:50:08 
 Verificando Email's...  29/09/2014 11:50:43 
 Verificando Email's...  29/09/2014 11:51:45 
 Email Encontrado...  29/09/2014 11:52:27 
 Anexo Encontrado...  29/09/2014 11:52:28 
 Download da nota 41140903514129000106550040001408701082012502.xml realizado com sucesso. 29/09/2014 11:52:28 
 Realizando Parse do Xml...  29/09/2014 11:52:28 
 Unparseable date: "2014-09-03" 29/09/2014 11:52:29 
 Verificando Email's...  29/09/2014 11:57:56 
 Email Encontrado...  29/09/2014 11:58:17 
 Anexo Encontrado...  29/09/2014 11:58:18 
 Download da nota 41140903514129000106550040001408701082012502.xml realizado com sucesso. 29/09/2014 11:58:18 
 Realizando Parse do Xml...  29/09/2014 11:58:18 
 Unparseable date: "2014-09-03" 29/09/2014 11:58:19 
 Verificando Email's...  29/09/2014 11:58:57 
 Email Encontrado...  29/09/2014 11:59:13 
 Anexo Encontrado...  29/09/2014 11:59:14 
 Download da nota 41140903514129000106550040001408701082012502.xml realizado com sucesso. 29/09/2014 11:59:14 
 Realizando Parse do Xml...  29/09/2014 11:59:14 
 Verificando Email's...  30/09/2014 12:06:09 
 Email Encontrado...  30/09/2014 12:06:25 
 Anexo Encontrado...  30/09/2014 12:06:26 
 Download da nota 41140903514129000106550040001408701082012502.xml realizado com sucesso. 30/09/2014 12:06:26 
 Realizando Parse do Xml...  30/09/2014 12:06:26 
 Verificando Email's...  30/09/2014 12:07:41 
 Email Encontrado...  30/09/2014 12:07:52 
 Anexo Encontrado...  30/09/2014 12:07:53 
 Download da nota 41140903514129000106550040001408701082012502.xml realizado com sucesso. 30/09/2014 12:07:53 
 Realizando Parse do Xml...  30/09/2014 12:07:53 
 Verificando Email's...  30/09/2014 12:11:15 
 Verificando Email's...  30/09/2014 12:13:23 
 Email Encontrado...  30/09/2014 12:13:30 
 Anexo Encontrado...  30/09/2014 12:13:30 
 Download da nota 41140903514129000106550040001408701082012502.xml realizado com sucesso. 30/09/2014 12:13:30 
 Realizando Parse do Xml...  30/09/2014 12:13:30 
 Email Encontrado...  30/09/2014 12:15:24 
 Anexo Encontrado...  30/09/2014 12:15:25 
 Download da nota 41140903514129000106550040001408701082012502.xml realizado com sucesso. 30/09/2014 12:15:25 
 Realizando Parse do Xml...  30/09/2014 12:15:25 
 Verificando Email's...  30/09/2014 12:15:45 
 Email Encontrado...  30/09/2014 12:15:52 
 Anexo Encontrado...  30/09/2014 12:15:52 
 Download da nota 41140903514129000106550040001408701082012502.xml realizado com sucesso. 30/09/2014 12:15:52 
 Realizando Parse do Xml...  30/09/2014 12:15:52